<?xml version="1.0" encoding="UTF-8"?>
<testsuite xmlns:xsi="http://www.w3.org/2001/XMLSchema-instance" xsi:noNamespaceSchemaLocation="https://maven.apache.org/surefire/maven-surefire-plugin/xsd/surefire-test-report.xsd" name="runners.Runner" time="10.905" tests="2" errors="0" skipped="0" failures="0">
  <properties>
[...]
</properties>
  <testcase name="Validate invalid login attempt" classname="Smartbear Login Functionality" time="5.49"/>
  <testcase name="Validate valid login attempt" classname="Smartbear Login Functionality" time="5.155"/>
</testsuite>